!SESSION 2017-04-12 14:04:18.312 -----------------------------------------------
eclipse.buildId=unknown
java.version=1.8.0_60
java.vendor=Oracle Corporation
BootLoader constants: OS=macosx, ARCH=x86_64, WS=cocoa, NL=en_US
Framework arguments:  -product xstampp.xstampp_product
Command-line arguments:  -product xstampp.xstampp_product -data /Users/asimabdulkhaleq/git/STPATCGeneratorNew/../runtime-xstampp.xstampp_product -dev file:/Users/asimabdulkhaleq/git/STPATCGeneratorNew/.metadata/.plugins/org.eclipse.pde.core/xstampp.xstampp_product/dev.properties -os macosx -ws cocoa -arch x86_64 -consoleLog

!ENTRY org.eclipse.m2e.core 4 0 2017-04-12 14:04:19.428
!MESSAGE FrameworkEvent ERROR
!STACK 0
org.osgi.framework.BundleException: Could not resolve module: org.eclipse.m2e.core [121]
  Unresolved requirement: Require-Bundle: com.google.guava; bundle-version="[14.0.1,16.0.0)"

	at org.eclipse.osgi.container.Module.start(Module.java:434)
	at org.eclipse.osgi.container.ModuleContainer$ContainerStartLevel.incStartLevel(ModuleContainer.java:1582)
	at org.eclipse.osgi.container.ModuleContainer$ContainerStartLevel.incStartLevel(ModuleContainer.java:1561)
	at org.eclipse.osgi.container.ModuleContainer$ContainerStartLevel.doContainerStartLevel(ModuleContainer.java:1533)
	at org.eclipse.osgi.container.ModuleContainer$ContainerStartLevel.dispatchEvent(ModuleContainer.java:1476)
	at org.eclipse.osgi.container.ModuleContainer$ContainerStartLevel.dispatchEvent(ModuleContainer.java:1)
	at org.eclipse.osgi.framework.eventmgr.EventManager.dispatchEvent(EventManager.java:230)
	at org.eclipse.osgi.framework.eventmgr.EventManager$EventThread.run(EventManager.java:340)

!ENTRY org.eclipse.m2e.core.ui 4 0 2017-04-12 14:04:19.430
!MESSAGE FrameworkEvent ERROR
!STACK 0
org.osgi.framework.BundleException: Could not resolve module: org.eclipse.m2e.core.ui [122]
  Unresolved requirement: Require-Bundle: org.eclipse.m2e.core; bundle-version="[1.7.0,1.8.0)"
    -> Bundle-SymbolicName: org.eclipse.m2e.core; bundle-version="1.7.0.20160603-1933"; singleton:="true"
       org.eclipse.m2e.core [121]
         Unresolved requirement: Require-Bundle: com.google.guava; bundle-version="[14.0.1,16.0.0)"

	at org.eclipse.osgi.container.Module.start(Module.java:434)
	at org.eclipse.osgi.container.ModuleContainer$ContainerStartLevel.incStartLevel(ModuleContainer.java:1582)
	at org.eclipse.osgi.container.ModuleContainer$ContainerStartLevel.incStartLevel(ModuleContainer.java:1561)
	at org.eclipse.osgi.container.ModuleContainer$ContainerStartLevel.doContainerStartLevel(ModuleContainer.java:1533)
	at org.eclipse.osgi.container.ModuleContainer$ContainerStartLevel.dispatchEvent(ModuleContainer.java:1476)
	at org.eclipse.osgi.container.ModuleContainer$ContainerStartLevel.dispatchEvent(ModuleContainer.java:1)
	at org.eclipse.osgi.framework.eventmgr.EventManager.dispatchEvent(EventManager.java:230)
	at org.eclipse.osgi.framework.eventmgr.EventManager$EventThread.run(EventManager.java:340)

!ENTRY xstampp 4 0 2017-04-12 14:04:19.433
!MESSAGE FrameworkEvent ERROR
!STACK 0
org.osgi.framework.BundleException: Could not resolve module: xstampp [167]
  Unresolved requirement: Require-Bundle: xstampp.extension; bundle-version="1.0.4"
    -> Bundle-SymbolicName: xstampp.extension; bundle-version="1.0.4"; singleton:="true"
       xstampp.extension [169]
         Unresolved requirement: Require-Bundle: astpa.tests; bundle-version="1.0.1"

	at org.eclipse.osgi.container.Module.start(Module.java:434)
	at org.eclipse.osgi.container.ModuleContainer$ContainerStartLevel.incStartLevel(ModuleContainer.java:1582)
	at org.eclipse.osgi.container.ModuleContainer$ContainerStartLevel.incStartLevel(ModuleContainer.java:1561)
	at org.eclipse.osgi.container.ModuleContainer$ContainerStartLevel.doContainerStartLevel(ModuleContainer.java:1533)
	at org.eclipse.osgi.container.ModuleContainer$ContainerStartLevel.dispatchEvent(ModuleContainer.java:1476)
	at org.eclipse.osgi.container.ModuleContainer$ContainerStartLevel.dispatchEvent(ModuleContainer.java:1)
	at org.eclipse.osgi.framework.eventmgr.EventManager.dispatchEvent(EventManager.java:230)
	at org.eclipse.osgi.framework.eventmgr.EventManager$EventThread.run(EventManager.java:340)

!ENTRY org.eclipse.equinox.app 0 0 2017-04-12 14:04:20.185
!MESSAGE Product xstampp.xstampp_product could not be found.

!ENTRY xstampp.extension 2 0 2017-04-12 14:04:20.264
!MESSAGE Could not resolve module: xstampp.extension [169]
  Unresolved requirement: Require-Bundle: astpa.tests; bundle-version="1.0.1"


!ENTRY org.eclipse.m2e.core 2 0 2017-04-12 14:04:20.265
!MESSAGE Could not resolve module: org.eclipse.m2e.core [121]
  Unresolved requirement: Require-Bundle: com.google.guava; bundle-version="[14.0.1,16.0.0)"


!ENTRY org.eclipse.m2e.core.ui 2 0 2017-04-12 14:04:20.265
!MESSAGE Could not resolve module: org.eclipse.m2e.core.ui [122]
  Unresolved requirement: Require-Bundle: org.eclipse.m2e.core; bundle-version="[1.7.0,1.8.0)"
    -> Bundle-SymbolicName: org.eclipse.m2e.core; bundle-version="1.7.0.20160603-1933"; singleton:="true"
       org.eclipse.m2e.core [121]
         Unresolved requirement: Require-Bundle: com.google.guava; bundle-version="[14.0.1,16.0.0)"


!ENTRY xstampp 2 0 2017-04-12 14:04:20.266
!MESSAGE Could not resolve module: xstampp [167]
  Unresolved requirement: Require-Bundle: xstampp.extension; bundle-version="1.0.4"
    -> Bundle-SymbolicName: xstampp.extension; bundle-version="1.0.4"; singleton:="true"
       xstampp.extension [169]
         Unresolved requirement: Require-Bundle: astpa.tests; bundle-version="1.0.1"


!ENTRY org.eclipse.m2e.logback.appender 2 0 2017-04-12 14:04:20.267
!MESSAGE Could not resolve module: org.eclipse.m2e.logback.appender [123]
  Unresolved requirement: Require-Bundle: org.eclipse.m2e.core.ui; bundle-version="[1.7.0,1.8.0)"
    -> Bundle-SymbolicName: org.eclipse.m2e.core.ui; bundle-version="1.7.0.20160603-1933"; singleton:="true"
       org.eclipse.m2e.core.ui [122]
         Unresolved requirement: Require-Bundle: org.eclipse.m2e.core; bundle-version="[1.7.0,1.8.0)"
           -> Bundle-SymbolicName: org.eclipse.m2e.core; bundle-version="1.7.0.20160603-1933"; singleton:="true"
              org.eclipse.m2e.core [121]
                Unresolved requirement: Require-Bundle: com.google.guava; bundle-version="[14.0.1,16.0.0)"


!ENTRY org.eclipse.osgi 4 0 2017-04-12 14:04:20.269
!MESSAGE Application error
!STACK 1
java.lang.RuntimeException: No application id has been found.
	at org.eclipse.equinox.internal.app.EclipseAppContainer.startDefaultApp(EclipseAppContainer.java:242)
	at org.eclipse.equinox.internal.app.MainApplicationLauncher.run(MainApplicationLauncher.java:29)
	at org.eclipse.core.runtime.internal.adaptor.EclipseAppLauncher.runApplication(EclipseAppLauncher.java:134)
	at org.eclipse.core.runtime.internal.adaptor.EclipseAppLauncher.start(EclipseAppLauncher.java:104)
	at org.eclipse.core.runtime.adaptor.EclipseStarter.run(EclipseStarter.java:380)
	at org.eclipse.core.runtime.adaptor.EclipseStarter.run(EclipseStarter.java:235)
	at sun.reflect.NativeMethodAccessorImpl.invoke0(Native Method)
	at sun.reflect.NativeMethodAccessorImpl.invoke(NativeMethodAccessorImpl.java:62)
	at sun.reflect.DelegatingMethodAccessorImpl.invoke(DelegatingMethodAccessorImpl.java:43)
	at java.lang.reflect.Method.invoke(Method.java:497)
	at org.eclipse.equinox.launcher.Main.invokeFramework(Main.java:669)
	at org.eclipse.equinox.launcher.Main.basicRun(Main.java:608)
	at org.eclipse.equinox.launcher.Main.run(Main.java:1515)
	at org.eclipse.equinox.launcher.Main.main(Main.java:1488)
